# JRE version: Java(TM) SE Runtime Environment (21.0.1+12) (build 21.0.1+12-LTS-29)
# Java VM: Java HotSpot(TM) 64-Bit Server VM (21.0.1+12-LTS-29, mixed mode, sharing, tiered, compressed oops, compressed class ptrs, g1 gc, windows-amd64)
GC Precious Log:
 CardTable entry size: 512
 Card Set container configuration: InlinePtr #cards 4 size 8 Array Of Cards #cards 64 size 144 Howl #buckets 8 coarsen threshold 14745 Howl Bitmap #cards 2048 size 272 coarsen threshold 1843 Card regions per heap region 1 cards per card region 16384
 CPUs: 16 total, 16 available
 Memory: 40867M
 Large Page Support: Disabled
 NUMA Support: Disabled
 Compressed Oops: Enabled (Zero based)
 Heap Region Size: 8M
 Heap Min Capacity: 8M
 Heap Initial Capacity: 640M
 Heap Max Capacity: 10224M
 Pre-touch: Disabled
 Parallel Workers: 13
 Concurrent Workers: 3
 Concurrent Refinement Workers: 13
 Periodic GC: Disabled
Heap:
 garbage-first heap   total 196608K, used 134580K [0x0000000581000000, 0x0000000800000000)
  region size 8192K, 10 young (81920K), 1 survivors (8192K)
 Metaspace       used 36362K, committed 37056K, reserved 1114112K
  class space    used 4353K, committed 4672K, reserved 1048576K
GC Heap History (20 events):
Event: 0.606 GC heap before
{Heap before GC invocations=0 (full 0):
 garbage-first heap   total 655360K, used 32768K [0x0000000581000000, 0x0000000800000000)
  region size 8192K, 4 young (32768K), 0 survivors (0K)
 Metaspace       used 8932K, committed 9216K, reserved 1114112K
  class space    used 1085K, committed 1216K, reserved 1048576K
}
Event: 0.609 GC heap after
{Heap after GC invocations=1 (full 0):
 garbage-first heap   total 655360K, used 5409K [0x0000000581000000, 0x0000000800000000)
  region size 8192K, 1 young (8192K), 1 survivors (8192K)
 Metaspace       used 8932K, committed 9216K, reserved 1114112K
  class space    used 1085K, committed 1216K, reserved 1048576K
}
Event: 0.762 GC heap before
{Heap before GC invocations=1 (full 0):
 garbage-first heap   total 655360K, used 29985K [0x0000000581000000, 0x0000000800000000)
  region size 8192K, 4 young (32768K), 1 survivors (8192K)
 Metaspace       used 15279K, committed 15488K, reserved 1114112K
  class space    used 1837K, committed 1920K, reserved 1048576K
}
Event: 0.765 GC heap after
{Heap after GC invocations=2 (full 0):
 garbage-first heap   total 655360K, used 7512K [0x0000000581000000, 0x0000000800000000)
  region size 8192K, 1 young (8192K), 1 survivors (8192K)
 Metaspace       used 15279K, committed 15488K, reserved 1114112K
  class space    used 1837K, committed 1920K, reserved 1048576K
}
Event: 1.182 GC heap before
{Heap before GC invocations=2 (full 0):
 garbage-first heap   total 655360K, used 40280K [0x0000000581000000, 0x0000000800000000)
  region size 8192K, 6 young (49152K), 1 survivors (8192K)
 Metaspace       used 21070K, committed 21504K, reserved 1114112K
  class space    used 2522K, committed 2752K, reserved 1048576K
}
Event: 1.184 GC heap after
{Heap after GC invocations=3 (full 0):
 garbage-first heap   total 655360K, used 10707K [0x0000000581000000, 0x0000000800000000)
  region size 8192K, 1 young (8192K), 1 survivors (8192K)
 Metaspace       used 21070K, committed 21504K, reserved 1114112K
  class space    used 2522K, committed 2752K, reserved 1048576K
}
Event: 1.688 GC heap before
{Heap before GC invocations=4 (full 0):
 garbage-first heap   total 81920K, used 76243K [0x0000000581000000, 0x0000000800000000)
  region size 8192K, 8 young (65536K), 1 survivors (8192K)
 Metaspace       used 28212K, committed 28736K, reserved 1114112K
  class space    used 3405K, committed 3648K, reserved 1048576K
}
Event: 1.691 GC heap after
{Heap after GC invocations=5 (full 0):
 garbage-first heap   total 98304K, used 23906K [0x0000000581000000, 0x0000000800000000)
  region size 8192K, 2 young (16384K), 2 survivors (16384K)
 Metaspace       used 28212K, committed 28736K, reserved 1114112K
  class space    used 3405K, committed 3648K, reserved 1048576K
}
Event: 1.770 GC heap before
{Heap before GC invocations=5 (full 0):
 garbage-first heap   total 139264K, used 105826K [0x0000000581000000, 0x0000000800000000)
  region size 8192K, 7 young (57344K), 2 survivors (16384K)
 Metaspace       used 28213K, committed 28736K, reserved 1114112K
  class space    used 3405K, committed 3648K, reserved 1048576K
}
Event: 1.774 GC heap after
{Heap after GC invocations=6 (full 0):
 garbage-first heap   total 139264K, used 57398K [0x0000000581000000, 0x0000000800000000)
  region size 8192K, 1 young (8192K), 1 survivors (8192K)
 Metaspace       used 28213K, committed 28736K, reserved 1114112K
  class space    used 3405K, committed 3648K, reserved 1048576K
}
Event: 1.912 GC heap before
{Heap before GC invocations=6 (full 0):
 garbage-first heap   total 139264K, used 98358K [0x0000000581000000, 0x0000000800000000)
  region size 8192K, 7 young (57344K), 1 survivors (8192K)
 Metaspace       used 28216K, committed 28736K, reserved 1114112K
  class space    used 3405K, committed 3648K, reserved 1048576K
}
Event: 1.913 GC heap after
{Heap after GC invocations=7 (full 0):
 garbage-first heap   total 139264K, used 66512K [0x0000000581000000, 0x0000000800000000)
  region size 8192K, 1 young (8192K), 1 survivors (8192K)
 Metaspace       used 28216K, committed 28736K, reserved 1114112K
  class space    used 3405K, committed 3648K, reserved 1048576K
}
Event: 1.940 GC heap before
{Heap before GC invocations=7 (full 0):
 garbage-first heap   total 139264K, used 107472K [0x0000000581000000, 0x0000000800000000)
  region size 8192K, 6 young (49152K), 1 survivors (8192K)
 Metaspace       used 28216K, committed 28736K, reserved 1114112K
  class space    used 3405K, committed 3648K, reserved 1048576K
}
Event: 1.941 GC heap after
{Heap after GC invocations=8 (full 0):
 garbage-first heap   total 139264K, used 67049K [0x0000000581000000, 0x0000000800000000)
  region size 8192K, 1 young (8192K), 1 survivors (8192K)
 Metaspace       used 28216K, committed 28736K, reserved 1114112K
  class space    used 3405K, committed 3648K, reserved 1048576K
}
Event: 1.978 GC heap before
{Heap before GC invocations=9 (full 0):
 garbage-first heap   total 163840K, used 108009K [0x0000000581000000, 0x0000000800000000)
  region size 8192K, 6 young (49152K), 1 survivors (8192K)
 Metaspace       used 28216K, committed 28736K, reserved 1114112K
  class space    used 3405K, committed 3648K, reserved 1048576K
}
Event: 1.978 GC heap after
{Heap after GC invocations=10 (full 0):
 garbage-first heap   total 163840K, used 66928K [0x0000000581000000, 0x0000000800000000)
  region size 8192K, 1 young (8192K), 1 survivors (8192K)
 Metaspace       used 28216K, committed 28736K, reserved 1114112K
  class space    used 3405K, committed 3648K, reserved 1048576K
}
Event: 2.023 GC heap before
{Heap before GC invocations=10 (full 0):
 garbage-first heap   total 163840K, used 132464K [0x0000000581000000, 0x0000000800000000)
  region size 8192K, 9 young (73728K), 1 survivors (8192K)
 Metaspace       used 28216K, committed 28736K, reserved 1114112K
  class space    used 3405K, committed 3648K, reserved 1048576K
}
Event: 2.023 GC heap after
{Heap after GC invocations=11 (full 0):
 garbage-first heap   total 196608K, used 66898K [0x0000000581000000, 0x0000000800000000)
  region size 8192K, 1 young (8192K), 1 survivors (8192K)
 Metaspace       used 28216K, committed 28736K, reserved 1114112K
  class space    used 3405K, committed 3648K, reserved 1048576K
}
Event: 2.981 GC heap before
{Heap before GC invocations=11 (full 0):
 garbage-first heap   total 196608K, used 157010K [0x0000000581000000, 0x0000000800000000)
  region size 8192K, 12 young (98304K), 1 survivors (8192K)
 Metaspace       used 32484K, committed 33088K, reserved 1114112K
  class space    used 3982K, committed 4288K, reserved 1048576K
}
Event: 2.983 GC heap after
{Heap after GC invocations=12 (full 0):
 garbage-first heap   total 196608K, used 69044K [0x0000000581000000, 0x0000000800000000)
  region size 8192K, 1 young (8192K), 1 survivors (8192K)
 Metaspace       used 32484K, committed 33088K, reserved 1114112K
  class space    used 3982K, committed 4288K, reserved 1048576K
}

